[2021-03-17 16:31:42.760] [exthost1] [info] extension host started
[2021-03-17 16:31:42.811] [exthost1] [info] ExtensionService#_doActivateExtension vscode.debug-auto-launch {"startup":true,"activationEvent":"*"}
[2021-03-17 16:31:42.811] [exthost1] [info] ExtensionService#loadCommonJSModule /usr/share/code/resources/app/extensions/debug-auto-launch/out/extension
[2021-03-17 16:31:42.827] [exthost1] [info] ExtensionService#_doActivateExtension vscode.emmet {"startup":true,"activationEvent":"*"}
[2021-03-17 16:31:42.827] [exthost1] [info] ExtensionService#loadCommonJSModule /usr/share/code/resources/app/extensions/emmet/dist/extension
[2021-03-17 16:31:42.935] [exthost1] [info] ExtensionService#_doActivateExtension vscode.git {"startup":true,"activationEvent":"*"}
[2021-03-17 16:31:42.935] [exthost1] [info] ExtensionService#loadCommonJSModule /usr/share/code/resources/app/extensions/git/dist/main
[2021-03-17 16:31:43.182] [exthost1] [info] ExtensionService#_doActivateExtension vscode.merge-conflict {"startup":true,"activationEvent":"*"}
[2021-03-17 16:31:43.182] [exthost1] [info] ExtensionService#loadCommonJSModule /usr/share/code/resources/app/extensions/merge-conflict/out/extension
[2021-03-17 16:31:43.199] [exthost1] [info] ExtensionService#_doActivateExtension vscode.search-rg {"startup":true,"activationEvent":"*"}
[2021-03-17 16:31:43.199] [exthost1] [info] ExtensionService#loadCommonJSModule /usr/share/code/resources/app/extensions/search-rg/out/extension
[2021-03-17 16:31:43.209] [exthost1] [info] ExtensionService#_doActivateExtension bierner.emojisense {"startup":true,"activationEvent":"*"}
[2021-03-17 16:31:43.209] [exthost1] [info] ExtensionService#loadCommonJSModule /root/.vscode/extensions/bierner.emojisense-0.4.1/out/extension
[2021-03-17 16:31:43.247] [exthost1] [info] ExtensionService#_doActivateExtension CoenraadS.bracket-pair-colorizer {"startup":true,"activationEvent":"*"}
[2021-03-17 16:31:43.247] [exthost1] [info] ExtensionService#loadCommonJSModule /root/.vscode/extensions/coenraads.bracket-pair-colorizer-1.0.61/out/src/extension
[2021-03-17 16:31:43.272] [exthost1] [info] ExtensionService#_doActivateExtension esbenp.prettier-vscode {"startup":true,"activationEvent":"*"}
[2021-03-17 16:31:43.272] [exthost1] [info] ExtensionService#loadCommonJSModule /root/.vscode/extensions/esbenp.prettier-vscode-2.2.2/out/extension
[2021-03-17 16:31:43.616] [exthost1] [info] eager extensions activated
[2021-03-17 16:32:00.854] [exthost1] [info] extension host started
[2021-03-17 16:32:00.909] [exthost1] [info] ExtensionService#_doActivateExtension vscode.debug-auto-launch {"startup":true,"activationEvent":"*"}
[2021-03-17 16:32:00.909] [exthost1] [info] ExtensionService#loadCommonJSModule /usr/share/code/resources/app/extensions/debug-auto-launch/out/extension
[2021-03-17 16:32:00.918] [exthost1] [info] ExtensionService#_doActivateExtension vscode.emmet {"startup":true,"activationEvent":"*"}
[2021-03-17 16:32:00.918] [exthost1] [info] ExtensionService#loadCommonJSModule /usr/share/code/resources/app/extensions/emmet/dist/extension
[2021-03-17 16:32:00.985] [exthost1] [info] ExtensionService#_doActivateExtension vscode.git {"startup":true,"activationEvent":"*"}
[2021-03-17 16:32:00.985] [exthost1] [info] ExtensionService#loadCommonJSModule /usr/share/code/resources/app/extensions/git/dist/main
[2021-03-17 16:32:01.229] [exthost1] [info] ExtensionService#_doActivateExtension vscode.merge-conflict {"startup":true,"activationEvent":"*"}
[2021-03-17 16:32:01.229] [exthost1] [info] ExtensionService#loadCommonJSModule /usr/share/code/resources/app/extensions/merge-conflict/out/extension
[2021-03-17 16:32:01.243] [exthost1] [info] ExtensionService#_doActivateExtension vscode.search-rg {"startup":true,"activationEvent":"*"}
[2021-03-17 16:32:01.243] [exthost1] [info] ExtensionService#loadCommonJSModule /usr/share/code/resources/app/extensions/search-rg/out/extension
[2021-03-17 16:32:01.250] [exthost1] [info] ExtensionService#_doActivateExtension bierner.emojisense {"startup":true,"activationEvent":"*"}
[2021-03-17 16:32:01.250] [exthost1] [info] ExtensionService#loadCommonJSModule /root/.vscode/extensions/bierner.emojisense-0.4.1/out/extension
[2021-03-17 16:32:01.285] [exthost1] [info] ExtensionService#_doActivateExtension CoenraadS.bracket-pair-colorizer {"startup":true,"activationEvent":"*"}
[2021-03-17 16:32:01.285] [exthost1] [info] ExtensionService#loadCommonJSModule /root/.vscode/extensions/coenraads.bracket-pair-colorizer-1.0.61/out/src/extension
[2021-03-17 16:32:01.307] [exthost1] [info] ExtensionService#_doActivateExtension esbenp.prettier-vscode {"startup":true,"activationEvent":"*"}
[2021-03-17 16:32:01.307] [exthost1] [info] ExtensionService#loadCommonJSModule /root/.vscode/extensions/esbenp.prettier-vscode-2.2.2/out/extension
[2021-03-17 16:32:01.634] [exthost1] [info] eager extensions activated
[2021-03-17 16:32:41.960] [exthost1] [info] ExtensionService#_doActivateExtension vscode.extension-editing {"startup":false,"activationEvent":"onLanguage:typescript"}
[2021-03-17 16:32:41.960] [exthost1] [info] ExtensionService#loadCommonJSModule /usr/share/code/resources/app/extensions/extension-editing/out/extension
[2021-03-17 16:32:41.988] [exthost1] [info] ExtensionService#_doActivateExtension vscode.typescript-language-features {"startup":false,"activationEvent":"onLanguage:typescript"}
[2021-03-17 16:32:41.988] [exthost1] [info] ExtensionService#loadCommonJSModule /usr/share/code/resources/app/extensions/typescript-language-features/dist/extension
